[0607/193936.296:ERROR:process_memory_win.cc(73)] ReadMemory at 0x156ae2f3380 of 72 bytes failed: Only part of a ReadProcessMemory or WriteProcessMemory request was completed. (0x12B)
[0607/193936.296:WARNING:pe_image_annotations_reader.cc(134)] could not read annotations list object in C:\Program Files (x86)\Google\Chrome\Application\83.0.4103.61\chrome_elf.dll
[0607/193936.296:ERROR:process_memory_win.cc(73)] ReadMemory at 0x156ae220000 of 64 bytes failed: Only part of a ReadProcessMemory or WriteProcessMemory request was completed. (0x12B)
[0607/193936.296:WARNING:pe_image_reader.cc(340)] could not read dos header from C:\WINDOWS\System32\msvcrt.dll
[0607/193936.296:ERROR:process_memory_win.cc(73)] ReadMemory at 0x156ae7ad9a0 of 72 bytes failed: Only part of a ReadProcessMemory or WriteProcessMemory request was completed. (0x12B)
[0607/193936.296:WARNING:pe_image_annotations_reader.cc(134)] could not read annotations list object in C:\Program Files (x86)\Google\Chrome\Application\83.0.4103.61\chrome.dll
[0607/193936.296:ERROR:process_memory_win.cc(73)] ReadMemory at 0x156ae2f3380 of 72 bytes failed: Only part of a ReadProcessMemory or WriteProcessMemory request was completed. (0x12B)
[0607/193936.296:WARNING:pe_image_annotations_reader.cc(134)] could not read annotations list object in C:\Program Files (x86)\Google\Chrome\Application\83.0.4103.61\chrome_elf.dll
[0607/193936.296:ERROR:process_memory_win.cc(73)] ReadMemory at 0x156ae220000 of 64 bytes failed: Only part of a ReadProcessMemory or WriteProcessMemory request was completed. (0x12B)
[0607/193936.296:WARNING:pe_image_reader.cc(340)] could not read dos header from C:\WINDOWS\System32\msvcrt.dll
[0607/193936.311:ERROR:process_memory_win.cc(73)] ReadMemory at 0x156ae7ad9a0 of 72 bytes failed: Only part of a ReadProcessMemory or WriteProcessMemory request was completed. (0x12B)
[0607/193936.311:WARNING:pe_image_annotations_reader.cc(134)] could not read annotations list object in C:\Program Files (x86)\Google\Chrome\Application\83.0.4103.61\chrome.dll
[0607/193936.311:ERROR:process_memory_win.cc(73)] ReadMemory at 0x7ff641af0000 of 64 bytes failed: Only part of a ReadProcessMemory or WriteProcessMemory request was completed. (0x12B)
[0607/193936.311:WARNING:pe_image_reader.cc(340)] could not read dos header from C:\Program Files (x86)\Google\Chrome\Application\chrome.exe
[0607/193936.311:ERROR:process_memory_win.cc(73)] ReadMemory at 0x156ae2f3380 of 72 bytes failed: Only part of a ReadProcessMemory or WriteProcessMemory request was completed. (0x12B)
[0607/193936.311:WARNING:pe_image_annotations_reader.cc(134)] could not read annotations list object in C:\Program Files (x86)\Google\Chrome\Application\83.0.4103.61\chrome_elf.dll
[0607/193936.311:ERROR:process_memory_win.cc(73)] ReadMemory at 0x156ae220000 of 64 bytes failed: Only part of a ReadProcessMemory or WriteProcessMemory request was completed. (0x12B)
[0607/193936.311:WARNING:pe_image_reader.cc(340)] could not read dos header from C:\WINDOWS\System32\msvcrt.dll
[0607/193936.311:ERROR:process_memory_win.cc(73)] ReadMemory at 0x7fff35460000 of 64 bytes failed: Only part of a ReadProcessMemory or WriteProcessMemory request was completed. (0x12B)
[0607/193936.311:WARNING:pe_image_reader.cc(340)] could not read dos header from C:\Program Files (x86)\Google\Chrome\Application\83.0.4103.61\chrome.dll
[0607/193936.327:ERROR:process_memory_win.cc(73)] ReadMemory at 0x11055eb000 of 86016 bytes failed: Only part of a ReadProcessMemory or WriteProcessMemory request was completed. (0x12B)
[0607/193936.327:ERROR:process_memory_win.cc(73)] ReadMemory at 0x1105dfd000 of 12288 bytes failed: Only part of a ReadProcessMemory or WriteProcessMemory request was completed. (0x12B)
[0607/193936.327:ERROR:process_memory_win.cc(73)] ReadMemory at 0x11065fc000 of 16384 bytes failed: Only part of a ReadProcessMemory or WriteProcessMemory request was completed. (0x12B)
[0607/193936.327:ERROR:process_memory_win.cc(73)] ReadMemory at 0x1106dfc000 of 16384 bytes failed: Only part of a ReadProcessMemory or WriteProcessMemory request was completed. (0x12B)
[0607/193936.327:ERROR:process_memory_win.cc(73)] ReadMemory at 0x11075fc000 of 16384 bytes failed: Only part of a ReadProcessMemory or WriteProcessMemory request was completed. (0x12B)
[0607/193936.327:ERROR:process_memory_win.cc(73)] ReadMemory at 0x1107dff000 of 4096 bytes failed: Only part of a ReadProcessMemory or WriteProcessMemory request was completed. (0x12B)
[0607/193936.327:ERROR:process_memory_win.cc(73)] ReadMemory at 0x11085fd000 of 12288 bytes failed: Only part of a ReadProcessMemory or WriteProcessMemory request was completed. (0x12B)
[0607/193936.327:ERROR:process_memory_win.cc(73)] ReadMemory at 0x1108dfb000 of 20480 bytes failed: Only part of a ReadProcessMemory or WriteProcessMemory request was completed. (0x12B)
[0607/193936.327:ERROR:process_memory_win.cc(73)] ReadMemory at 0x1109dfd000 of 12288 bytes failed: Only part of a ReadProcessMemory or WriteProcessMemory request was completed. (0x12B)
[0607/193936.342:ERROR:process_memory_win.cc(73)] ReadMemory at 0x110a5f6000 of 40960 bytes failed: Only part of a ReadProcessMemory or WriteProcessMemory request was completed. (0x12B)
[0607/193936.342:ERROR:process_memory_win.cc(73)] ReadMemory at 0x110adf6000 of 40960 bytes failed: Only part of a ReadProcessMemory or WriteProcessMemory request was completed. (0x12B)
[0607/193936.342:ERROR:process_memory_win.cc(73)] ReadMemory at 0x110b5fd000 of 12288 bytes failed: Only part of a ReadProcessMemory or WriteProcessMemory request was completed. (0x12B)
[0607/193936.342:ERROR:process_memory_win.cc(73)] ReadMemory at 0x110bdfc000 of 16384 bytes failed: Only part of a ReadProcessMemory or WriteProcessMemory request was completed. (0x12B)
[0607/193936.342:ERROR:process_memory_win.cc(73)] ReadMemory at 0x110c5fc000 of 16384 bytes failed: Only part of a ReadProcessMemory or WriteProcessMemory request was completed. (0x12B)
[0607/193936.342:ERROR:process_memory_win.cc(73)] ReadMemory at 0x1104c1a000 of 852 bytes failed: Only part of a ReadProcessMemory or WriteProcessMemory request was completed. (0x12B)
[0607/193936.342:ERROR:process_memory_win.cc(73)] ReadMemory at 0x1104c1b000 of 6024 bytes failed: Only part of a ReadProcessMemory or WriteProcessMemory request was completed. (0x12B)
[0607/193936.342:ERROR:process_memory_win.cc(73)] ReadMemory at 0x1104c1d000 of 6024 bytes failed: Only part of a ReadProcessMemory or WriteProcessMemory request was completed. (0x12B)
[0607/193936.342:ERROR:process_memory_win.cc(73)] ReadMemory at 0x1104c1f000 of 6024 bytes failed: Only part of a ReadProcessMemory or WriteProcessMemory request was completed. (0x12B)
[0607/193936.342:ERROR:process_memory_win.cc(73)] ReadMemory at 0x1104c21000 of 6024 bytes failed: Only part of a ReadProcessMemory or WriteProcessMemory request was completed. (0x12B)
[0607/193936.342:ERROR:process_memory_win.cc(73)] ReadMemory at 0x1104c23000 of 6024 bytes failed: Only part of a ReadProcessMemory or WriteProcessMemory request was completed. (0x12B)
[0607/193936.342:ERROR:process_memory_win.cc(73)] ReadMemory at 0x1104c25000 of 6024 bytes failed: Only part of a ReadProcessMemory or WriteProcessMemory request was completed. (0x12B)
[0607/193936.342:ERROR:process_memory_win.cc(73)] ReadMemory at 0x1104c27000 of 6024 bytes failed: Only part of a ReadProcessMemory or WriteProcessMemory request was completed. (0x12B)
[0607/193936.342:ERROR:process_memory_win.cc(73)] ReadMemory at 0x1104c29000 of 6024 bytes failed: Only part of a ReadProcessMemory or WriteProcessMemory request was completed. (0x12B)
[0607/193936.342:ERROR:process_memory_win.cc(73)] ReadMemory at 0x1104c2d000 of 6024 bytes failed: Only part of a ReadProcessMemory or WriteProcessMemory request was completed. (0x12B)
[0607/193936.342:ERROR:process_memory_win.cc(73)] ReadMemory at 0x1104c2f000 of 6024 bytes failed: Only part of a ReadProcessMemory or WriteProcessMemory request was completed. (0x12B)
[0607/193936.342:ERROR:process_memory_win.cc(73)] ReadMemory at 0x1104c31000 of 6024 bytes failed: Only part of a ReadProcessMemory or WriteProcessMemory request was completed. (0x12B)
[0607/193936.342:ERROR:process_memory_win.cc(73)] ReadMemory at 0x1104c33000 of 6024 bytes failed: Only part of a ReadProcessMemory or WriteProcessMemory request was completed. (0x12B)
[0607/193936.342:ERROR:process_memory_win.cc(73)] ReadMemory at 0x1104c35000 of 6024 bytes failed: Only part of a ReadProcessMemory or WriteProcessMemory request was completed. (0x12B)
[0607/193936.342:ERROR:process_memory_win.cc(73)] ReadMemory at 0x1104c37000 of 6024 bytes failed: Only part of a ReadProcessMemory or WriteProcessMemory request was completed. (0x12B)
[0607/193936.342:ERROR:process_memory_win.cc(73)] ReadMemory at 0x156ae120750 of 80 bytes failed: Only part of a ReadProcessMemory or WriteProcessMemory request was completed. (0x12B)
[0607/193936.342:ERROR:process_memory_win.cc(73)] ReadMemory at 0x156ae120fe0 of 5244 bytes failed: Only part of a ReadProcessMemory or WriteProcessMemory request was completed. (0x12B)
[0607/193936.342:ERROR:process_memory_win.cc(73)] ReadMemory at 0x156ae122470 of 1012 bytes failed: Only part of a ReadProcessMemory or WriteProcessMemory request was completed. (0x12B)
[0607/193936.342:ERROR:process_memory_win.cc(73)] ReadMemory at 0x156ae122ab8 of 118 bytes failed: Only part of a ReadProcessMemory or WriteProcessMemory request was completed. (0x12B)
[0607/193936.342:ERROR:process_memory_win.cc(73)] ReadMemory at 0x156ae122b30 of 754 bytes failed: Only part of a ReadProcessMemory or WriteProcessMemory request was completed. (0x12B)
[0607/193936.342:ERROR:process_memory_win.cc(73)] ReadMemory at 0x156ae122e24 of 118 bytes failed: Only part of a ReadProcessMemory or WriteProcessMemory request was completed. (0x12B)
[0607/193936.342:ERROR:process_memory_win.cc(73)] ReadMemory at 0x156ae122e9c of 94 bytes failed: Only part of a ReadProcessMemory or WriteProcessMemory request was completed. (0x12B)
[0607/193936.342:ERROR:process_memory_win.cc(73)] ReadMemory at 0x156ae122f10 of 58 bytes failed: Only part of a ReadProcessMemory or WriteProcessMemory request was completed. (0x12B)
[0607/193936.342:ERROR:process_memory_win.cc(73)] ReadMemory at 0x156ae123010 of 132 bytes failed: Only part of a ReadProcessMemory or WriteProcessMemory request was completed. (0x12B)
[0607/193936.342:ERROR:process_memory_win.cc(73)] ReadMemory at 0x156ae1231a0 of 132 bytes failed: Only part of a ReadProcessMemory or WriteProcessMemory request was completed. (0x12B)
[0607/193936.342:ERROR:process_memory_win.cc(73)] ReadMemory at 0x156ae123360 of 124 bytes failed: Only part of a ReadProcessMemory or WriteProcessMemory request was completed. (0x12B)
[0607/193936.342:ERROR:process_memory_win.cc(73)] ReadMemory at 0x156ae123740 of 132 bytes failed: Only part of a ReadProcessMemory or WriteProcessMemory request was completed. (0x12B)
[0607/193936.342:ERROR:process_memory_win.cc(73)] ReadMemory at 0x156ae1238d0 of 64 bytes failed: Only part of a ReadProcessMemory or WriteProcessMemory request was completed. (0x12B)
[0607/193936.342:ERROR:process_memory_win.cc(73)] ReadMemory at 0x156ae123920 of 132 bytes failed: Only part of a ReadProcessMemory or WriteProcessMemory request was completed. (0x12B)
[0607/193936.342:ERROR:process_memory_win.cc(73)] ReadMemory at 0x156ae123a90 of 132 bytes failed: Only part of a ReadProcessMemory or WriteProcessMemory request was completed. (0x12B)
[0607/193936.342:ERROR:process_memory_win.cc(73)] ReadMemory at 0x156ae123d30 of 132 bytes failed: Only part of a ReadProcessMemory or WriteProcessMemory request was completed. (0x12B)
[0607/193936.342:ERROR:process_memory_win.cc(73)] ReadMemory at 0x156ae123ec0 of 68 bytes failed: Only part of a ReadProcessMemory or WriteProcessMemory request was completed. (0x12B)
[0607/193936.342:ERROR:process_memory_win.cc(73)] ReadMemory at 0x156ae124f90 of 132 bytes failed: Only part of a ReadProcessMemory or WriteProcessMemory request was completed. (0x12B)
[0607/193936.342:ERROR:process_memory_win.cc(73)] ReadMemory at 0x156ae125120 of 152 bytes failed: Only part of a ReadProcessMemory or WriteProcessMemory request was completed. (0x12B)
[0607/193936.342:ERROR:process_memory_win.cc(73)] ReadMemory at 0x156ae125f10 of 62 bytes failed: Only part of a ReadProcessMemory or WriteProcessMemory request was completed. (0x12B)
[0607/193936.342:ERROR:process_memory_win.cc(73)] ReadMemory at 0x156ae126100 of 132 bytes failed: Only part of a ReadProcessMemory or WriteProcessMemory request was completed. (0x12B)
[0607/193936.342:ERROR:process_memory_win.cc(73)] ReadMemory at 0x156ae126230 of 60 bytes failed: Only part of a ReadProcessMemory or WriteProcessMemory request was completed. (0x12B)
[0607/193936.342:ERROR:process_memory_win.cc(73)] ReadMemory at 0x156ae1265d0 of 132 bytes failed: Only part of a ReadProcessMemory or WriteProcessMemory request was completed. (0x12B)
[0607/193936.342:ERROR:process_memory_win.cc(73)] ReadMemory at 0x156ae1284d0 of 132 bytes failed: Only part of a ReadProcessMemory or WriteProcessMemory request was completed. (0x12B)
[0607/193936.342:ERROR:process_memory_win.cc(73)] ReadMemory at 0x156ae1286f0 of 132 bytes failed: Only part of a ReadProcessMemory or WriteProcessMemory request was completed. (0x12B)
[0607/193936.342:ERROR:process_memory_win.cc(73)] ReadMemory at 0x156ae128950 of 132 bytes failed: Only part of a ReadProcessMemory or WriteProcessMemory request was completed. (0x12B)
[0607/193936.342:ERROR:process_memory_win.cc(73)] ReadMemory at 0x156ae12b940 of 64 bytes failed: Only part of a ReadProcessMemory or WriteProcessMemory request was completed. (0x12B)
[0607/193936.342:ERROR:process_memory_win.cc(73)] ReadMemory at 0x156ae12ba30 of 66 bytes failed: Only part of a ReadProcessMemory or WriteProcessMemory request was completed. (0x12B)
[0607/193936.342:ERROR:process_memory_win.cc(73)] ReadMemory at 0x156ae12bad0 of 64 bytes failed: Only part of a ReadProcessMemory or WriteProcessMemory request was completed. (0x12B)
[0607/193936.342:ERROR:process_memory_win.cc(73)] ReadMemory at 0x156ae12bc60 of 60 bytes failed: Only part of a ReadProcessMemory or WriteProcessMemory request was completed. (0x12B)
[0607/193936.342:ERROR:process_memory_win.cc(73)] ReadMemory at 0x156ae12bcb0 of 60 bytes failed: Only part of a ReadProcessMemory or WriteProcessMemory request was completed. (0x12B)
[0607/193936.342:ERROR:process_memory_win.cc(73)] ReadMemory at 0x156ae12bdf0 of 64 bytes failed: Only part of a ReadProcessMemory or WriteProcessMemory request was completed. (0x12B)
[0607/193936.342:ERROR:process_memory_win.cc(73)] ReadMemory at 0x156ae12be90 of 62 bytes failed: Only part of a ReadProcessMemory or WriteProcessMemory request was completed. (0x12B)
[0607/193936.342:ERROR:process_memory_win.cc(73)] ReadMemory at 0x156ae12bee0 of 64 bytes failed: Only part of a ReadProcessMemory or WriteProcessMemory request was completed. (0x12B)
[0607/193936.342:ERROR:process_memory_win.cc(73)] ReadMemory at 0x156ae12bf30 of 62 bytes failed: Only part of a ReadProcessMemory or WriteProcessMemory request was completed. (0x12B)
[0607/193936.342:ERROR:process_memory_win.cc(73)] ReadMemory at 0x156ae12c150 of 132 bytes failed: Only part of a ReadProcessMemory or WriteProcessMemory request was completed. (0x12B)
[0607/193936.342:ERROR:process_memory_win.cc(73)] ReadMemory at 0x156ae12cb70 of 132 bytes failed: Only part of a ReadProcessMemory or WriteProcessMemory request was completed. (0x12B)
[0607/193936.342:ERROR:process_memory_win.cc(73)] ReadMemory at 0x156ae12cea0 of 132 bytes failed: Only part of a ReadProcessMemory or WriteProcessMemory request was completed. (0x12B)
[0607/193936.342:ERROR:process_memory_win.cc(73)] ReadMemory at 0x156ae12cfd0 of 132 bytes failed: Only part of a ReadProcessMemory or WriteProcessMemory request was completed. (0x12B)
[0607/193936.342:ERROR:process_memory_win.cc(73)] ReadMemory at 0x156ae12d100 of 132 bytes failed: Only part of a ReadProcessMemory or WriteProcessMemory request was completed. (0x12B)
[0607/193936.342:ERROR:process_memory_win.cc(73)] ReadMemory at 0x156ae12d230 of 132 bytes failed: Only part of a ReadProcessMemory or WriteProcessMemory request was completed. (0x12B)
[0607/193936.342:ERROR:process_memory_win.cc(73)] ReadMemory at 0x156ae12d360 of 132 bytes failed: Only part of a ReadProcessMemory or WriteProcessMemory request was completed. (0x12B)
[0607/193936.342:ERROR:process_memory_win.cc(73)] ReadMemory at 0x156ae12d490 of 132 bytes failed: Only part of a ReadProcessMemory or WriteProcessMemory request was completed. (0x12B)
[0607/193936.342:ERROR:process_memory_win.cc(73)] ReadMemory at 0x156ae12d5c0 of 132 bytes failed: Only part of a ReadProcessMemory or WriteProcessMemory request was completed. (0x12B)
[0607/193936.342:ERROR:process_memory_win.cc(73)] ReadMemory at 0x156ae12d6f0 of 132 bytes failed: Only part of a ReadProcessMemory or WriteProcessMemory request was completed. (0x12B)
[0607/193936.342:ERROR:process_memory_win.cc(73)] ReadMemory at 0x156ae12d820 of 132 bytes failed: Only part of a ReadProcessMemory or WriteProcessMemory request was completed. (0x12B)
[0607/193936.342:ERROR:process_memory_win.cc(73)] ReadMemory at 0x156ae12d950 of 132 bytes failed: Only part of a ReadProcessMemory or WriteProcessMemory request was completed. (0x12B)
[0607/193936.342:ERROR:process_memory_win.cc(73)] ReadMemory at 0x156ae12da80 of 132 bytes failed: Only part of a ReadProcessMemory or WriteProcessMemory request was completed. (0x12B)
[0607/193936.342:ERROR:process_memory_win.cc(73)] ReadMemory at 0x156ae12dbb0 of 132 bytes failed: Only part of a ReadProcessMemory or WriteProcessMemory request was completed. (0x12B)
[0607/193936.342:ERROR:process_memory_win.cc(73)] ReadMemory at 0x156ae12f1f0 of 132 bytes failed: Only part of a ReadProcessMemory or WriteProcessMemory request was completed. (0x12B)
[0607/193936.342:ERROR:process_memory_win.cc(73)] ReadMemory at 0x156ae130550 of 144 bytes failed: Only part of a ReadProcessMemory or WriteProcessMemory request was completed. (0x12B)
[0607/193936.342:ERROR:process_memory_win.cc(73)] ReadMemory at 0x156ae131fe0 of 132 bytes failed: Only part of a ReadProcessMemory or WriteProcessMemory request was completed. (0x12B)
[0607/193936.342:ERROR:process_memory_win.cc(73)] ReadMemory at 0x156ae133df0 of 54 bytes failed: Only part of a ReadProcessMemory or WriteProcessMemory request was completed. (0x12B)
[0607/193936.342:ERROR:process_memory_win.cc(73)] ReadMemory at 0x156ae134d90 of 132 bytes failed: Only part of a ReadProcessMemory or WriteProcessMemory request was completed. (0x12B)
[0607/193936.342:ERROR:process_memory_win.cc(73)] ReadMemory at 0x156ae135420 of 80 bytes failed: Only part of a ReadProcessMemory or WriteProcessMemory request was completed. (0x12B)
[0607/193936.342:ERROR:process_memory_win.cc(73)] ReadMemory at 0x156ae135b40 of 76 bytes failed: Only part of a ReadProcessMemory or WriteProcessMemory request was completed. (0x12B)
[0607/193936.342:ERROR:process_memory_win.cc(73)] ReadMemory at 0x156ae136150 of 62 bytes failed: Only part of a ReadProcessMemory or WriteProcessMemory request was completed. (0x12B)
[0607/193936.342:ERROR:process_memory_win.cc(73)] ReadMemory at 0x156ae1361a0 of 64 bytes failed: Only part of a ReadProcessMemory or WriteProcessMemory request was completed. (0x12B)
[0607/193936.342:ERROR:process_memory_win.cc(73)] ReadMemory at 0x156ae1361f0 of 62 bytes failed: Only part of a ReadProcessMemory or WriteProcessMemory request was completed. (0x12B)
[0607/193936.342:ERROR:process_memory_win.cc(73)] ReadMemory at 0x156ae136240 of 58 bytes failed: Only part of a ReadProcessMemory or WriteProcessMemory request was completed. (0x12B)
[0607/193936.342:ERROR:process_memory_win.cc(73)] ReadMemory at 0x156ae136290 of 64 bytes failed: Only part of a ReadProcessMemory or WriteProcessMemory request was completed. (0x12B)
[0607/193936.342:ERROR:process_memory_win.cc(73)] ReadMemory at 0x156ae1363d0 of 60 bytes failed: Only part of a ReadProcessMemory or WriteProcessMemory request was completed. (0x12B)
[0607/193936.342:ERROR:process_memory_win.cc(73)] ReadMemory at 0x156ae136420 of 62 bytes failed: Only part of a ReadProcessMemory or WriteProcessMemory request was completed. (0x12B)
[0607/193936.342:ERROR:process_memory_win.cc(73)] ReadMemory at 0x156ae136470 of 62 bytes failed: Only part of a ReadProcessMemory or WriteProcessMemory request was completed. (0x12B)
[0607/193936.342:ERROR:process_memory_win.cc(73)] ReadMemory at 0x156ae136510 of 66 bytes failed: Only part of a ReadProcessMemory or WriteProcessMemory request was completed. (0x12B)
[0607/193936.342:ERROR:process_memory_win.cc(73)] ReadMemory at 0x156ae136650 of 60 bytes failed: Only part of a ReadProcessMemory or WriteProcessMemory request was completed. (0x12B)
[0607/193936.342:ERROR:process_memory_win.cc(73)] ReadMemory at 0x156ae136740 of 60 bytes failed: Only part of a ReadProcessMemory or WriteProcessMemory request was completed. (0x12B)
[0607/193936.342:ERROR:process_memory_win.cc(73)] ReadMemory at 0x156ae136790 of 64 bytes failed: Only part of a ReadProcessMemory or WriteProcessMemory request was completed. (0x12B)
[0607/193936.342:ERROR:process_memory_win.cc(73)] ReadMemory at 0x156ae1367e0 of 60 bytes failed: Only part of a ReadProcessMemory or WriteProcessMemory request was completed. (0x12B)
[0607/193936.342:ERROR:process_memory_win.cc(73)] ReadMemory at 0x156ae136a10 of 62 bytes failed: Only part of a ReadProcessMemory or WriteProcessMemory request was completed. (0x12B)
[0607/193936.342:ERROR:process_memory_win.cc(73)] ReadMemory at 0x156ae136b00 of 62 bytes failed: Only part of a ReadProcessMemory or WriteProcessMemory request was completed. (0x12B)
[0607/193936.342:ERROR:process_memory_win.cc(73)] ReadMemory at 0x156ae136ba0 of 64 bytes failed: Only part of a ReadProcessMemory or WriteProcessMemory request was completed. (0x12B)
[0607/193936.342:ERROR:process_memory_win.cc(73)] ReadMemory at 0x156ae136ce0 of 62 bytes failed: Only part of a ReadProcessMemory or WriteProcessMemory request was completed. (0x12B)
[0607/193936.342:ERROR:process_memory_win.cc(73)] ReadMemory at 0x156ae136f60 of 62 bytes failed: Only part of a ReadProcessMemory or WriteProcessMemory request was completed. (0x12B)
[0607/193936.342:ERROR:process_memory_win.cc(73)] ReadMemory at 0x156ae137280 of 132 bytes failed: Only part of a ReadProcessMemory or WriteProcessMemory request was completed. (0x12B)
[0607/193936.342:ERROR:process_memory_win.cc(73)] ReadMemory at 0x156ae1379a0 of 132 bytes failed: Only part of a ReadProcessMemory or WriteProcessMemory request was completed. (0x12B)
[0607/193936.342:ERROR:process_memory_win.cc(73)] ReadMemory at 0x156ae137c00 of 132 bytes failed: Only part of a ReadProcessMemory or WriteProcessMemory request was completed. (0x12B)
[0607/193936.342:ERROR:process_memory_win.cc(73)] ReadMemory at 0x156ae137e60 of 132 bytes failed: Only part of a ReadProcessMemory or WriteProcessMemory request was completed. (0x12B)
[0607/193936.342:ERROR:process_memory_win.cc(73)] ReadMemory at 0x156ae137f90 of 132 bytes failed: Only part of a ReadProcessMemory or WriteProcessMemory request was completed. (0x12B)
[0607/193936.342:ERROR:process_memory_win.cc(73)] ReadMemory at 0x156ae1380c0 of 132 bytes failed: Only part of a ReadProcessMemory or WriteProcessMemory request was completed. (0x12B)
[0607/193936.342:ERROR:process_memory_win.cc(73)] ReadMemory at 0x156ae1381f0 of 132 bytes failed: Only part of a ReadProcessMemory or WriteProcessMemory request was completed. (0x12B)
[0607/193936.342:ERROR:process_memory_win.cc(73)] ReadMemory at 0x156ae138320 of 132 bytes failed: Only part of a ReadProcessMemory or WriteProcessMemory request was completed. (0x12B)
[0607/193936.342:ERROR:process_memory_win.cc(73)] ReadMemory at 0x156ae138a40 of 132 bytes failed: Only part of a ReadProcessMemory or WriteProcessMemory request was completed. (0x12B)
[0607/193936.342:ERROR:process_memory_win.cc(73)] ReadMemory at 0x156ae138ca0 of 132 bytes failed: Only part of a ReadProcessMemory or WriteProcessMemory request was completed. (0x12B)
[0607/193936.342:ERROR:process_memory_win.cc(73)] ReadMemory at 0x156ae14cd30 of 512 bytes failed: Only part of a ReadProcessMemory or WriteProcessMemory request was completed. (0x12B)
[0607/193936.342:ERROR:process_memory_win.cc(73)] ReadMemory at 0x156ae14dae0 of 512 bytes failed: Only part of a ReadProcessMemory or WriteProcessMemory request was completed. (0x12B)
[0607/193936.342:ERROR:process_memory_win.cc(73)] ReadMemory at 0x156ae380e80 of 896 bytes failed: Only part of a ReadProcessMemory or WriteProcessMemory request was completed. (0x12B)
[0607/193936.342:ERROR:process_memory_win.cc(73)] ReadMemory at 0x156ae381d80 of 512 bytes failed: Only part of a ReadProcessMemory or WriteProcessMemory request was completed. (0x12B)
[0607/193936.342:ERROR:process_memory_win.cc(73)] ReadMemory at 0x156ae7e05b0 of 512 bytes failed: Only part of a ReadProcessMemory or WriteProcessMemory request was completed. (0x12B)
[0607/193936.342:ERROR:process_memory_win.cc(73)] ReadMemory at 0x156ae8025b0 of 712 bytes failed: Only part of a ReadProcessMemory or WriteProcessMemory request was completed. (0x12B)
[0607/193936.342:ERROR:process_memory_win.cc(73)] ReadMemory at 0x156ae8453e0 of 512 bytes failed: Only part of a ReadProcessMemory or WriteProcessMemory request was completed. (0x12B)
[0607/193936.342:ERROR:process_memory_win.cc(73)] ReadMemory at 0x156ae87ce60 of 512 bytes failed: Only part of a ReadProcessMemory or WriteProcessMemory request was completed. (0x12B)
[0607/193936.342:ERROR:process_memory_win.cc(73)] ReadMemory at 0x156ae87dd60 of 512 bytes failed: Only part of a ReadProcessMemory or WriteProcessMemory request was completed. (0x12B)
[0607/193936.342:ERROR:process_memory_win.cc(73)] ReadMemory at 0x156ae887900 of 512 bytes failed: Only part of a ReadProcessMemory or WriteProcessMemory request was completed. (0x12B)
[0607/193936.342:ERROR:process_memory_win.cc(73)] ReadMemory at 0x156ae88c7d0 of 512 bytes failed: Only part of a ReadProcessMemory or WriteProcessMemory request was completed. (0x12B)
[0607/193936.342:ERROR:process_memory_win.cc(73)] ReadMemory at 0x156b00131c0 of 512 bytes failed: Only part of a ReadProcessMemory or WriteProcessMemory request was completed. (0x12B)
[0607/193936.342:ERROR:process_memory_win.cc(73)] ReadMemory at 0x156b101ec80 of 512 bytes failed: Only part of a ReadProcessMemory or WriteProcessMemory request was completed. (0x12B)
[0607/193936.342:ERROR:process_memory_win.cc(73)] ReadMemory at 0x156b1497274 of 512 bytes failed: Only part of a ReadProcessMemory or WriteProcessMemory request was completed. (0x12B)
[0607/193936.342:ERROR:process_memory_win.cc(73)] ReadMemory at 0x7fff37849438 of 512 bytes failed: Only part of a ReadProcessMemory or WriteProcessMemory request was completed. (0x12B)
[0607/193936.342:ERROR:process_memory_win.cc(73)] ReadMemory at 0x7fff382f3abe of 512 bytes failed: Only part of a ReadProcessMemory or WriteProcessMemory request was completed. (0x12B)
[0607/193936.342:ERROR:process_memory_win.cc(73)] ReadMemory at 0x7fff382f3d6d of 512 bytes failed: Only part of a ReadProcessMemory or WriteProcessMemory request was completed. (0x12B)
[0607/193936.342:ERROR:process_memory_win.cc(73)] ReadMemory at 0x7fff922ba719 of 512 bytes failed: Only part of a ReadProcessMemory or WriteProcessMemory request was completed. (0x12B)
[0607/193936.342:ERROR:process_memory_win.cc(73)] ReadMemory at 0x7fff924ec6e0 of 512 bytes failed: Only part of a ReadProcessMemory or WriteProcessMemory request was completed. (0x12B)
[0607/193936.342:ERROR:process_memory_win.cc(73)] ReadMemory at 0x7fff9451c074 of 672 bytes failed: Only part of a ReadProcessMemory or WriteProcessMemory request was completed. (0x12B)
[0607/193936.342:ERROR:process_memory_win.cc(73)] ReadMemory at 0x7fff9451c674 of 512 bytes failed: Only part of a ReadProcessMemory or WriteProcessMemory request was completed. (0x12B)
[0607/193936.342:ERROR:process_memory_win.cc(73)] ReadMemory at 0x7fff9451f924 of 608 bytes failed: Only part of a ReadProcessMemory or WriteProcessMemory request was completed. (0x12B)
[0607/193936.342:ERROR:process_memory_win.cc(73)] ReadMemory at 0x7fff945ac428 of 18 bytes failed: Only part of a ReadProcessMemory or WriteProcessMemory request was completed. (0x12B)
[0607/193936.342:ERROR:process_memory_win.cc(73)] ReadMemory at 0x7fff945df4f8 of 40 bytes failed: Only part of a ReadProcessMemory or WriteProcessMemory request was completed. (0x12B)
[0607/193936.342:ERROR:process_memory_win.cc(73)] ReadMemory at 0x7fff945df978 of 48 bytes failed: Only part of a ReadProcessMemory or WriteProcessMemory request was completed. (0x12B)
[0607/193936.342:ERROR:process_memory_win.cc(73)] ReadMemory at 0x7fff945e53c0 of 64 bytes failed: Only part of a ReadProcessMemory or WriteProcessMemory request was completed. (0x12B)
[0607/193936.342:ERROR:scoped_process_suspend.cc(40)] NtResumeProcess: An attempt was made to access an exiting process. (0xc000010a)
